2024-10-22 21:27:40,094 [Worker-1: Loading available Gradle versions] INFO  o.e.b.c.i.u.g.PublishedGradleVersions - Gradle version information cache is up-to-date. Trying to read.
2024-10-22 21:29:27,152 [Worker-5: Launching mavenrun-026f48e4-a355-4b1e-90ea-8be19633d1e4] INFO  o.eclipse.m2e.core.internal.Bundles - getClasspathEntries(Bundle=org.eclipse.m2e.maven.runtime_3.9.600.20231203-1234 [638])
2024-10-22 21:29:27,157 [Worker-5: Launching mavenrun-026f48e4-a355-4b1e-90ea-8be19633d1e4] INFO  o.eclipse.m2e.core.internal.Bundles - 	Entry: C:\Users\admin\Downloads\eclipse-j2ee-2024-03\eclipse\plugins\org.eclipse.m2e.maven.runtime_3.9.600.20231203-1234
2024-10-22 21:29:27,157 [Worker-5: Launching mavenrun-026f48e4-a355-4b1e-90ea-8be19633d1e4] INFO  o.eclipse.m2e.core.internal.Bundles - 	Entry: C:\Users\admin\Downloads\eclipse-j2ee-2024-03\eclipse\plugins\org.eclipse.m2e.maven.runtime_3.9.600.20231203-1234\jars\aopalliance-1.0.jar
2024-10-22 21:29:27,157 [Worker-5: Launching mavenrun-026f48e4-a355-4b1e-90ea-8be19633d1e4] INFO  o.eclipse.m2e.core.internal.Bundles - 	Entry: C:\Users\admin\Downloads\eclipse-j2ee-2024-03\eclipse\plugins\org.eclipse.m2e.maven.runtime_3.9.600.20231203-1234\jars\guice-5.1.0.jar
2024-10-22 21:29:27,157 [Worker-5: Launching mavenrun-026f48e4-a355-4b1e-90ea-8be19633d1e4] INFO  o.eclipse.m2e.core.internal.Bundles - 	Entry: C:\Users\admin\Downloads\eclipse-j2ee-2024-03\eclipse\plugins\org.eclipse.m2e.maven.runtime_3.9.600.20231203-1234\jars\httpclient-4.5.14.jar
2024-10-22 21:29:27,158 [Worker-5: Launching mavenrun-026f48e4-a355-4b1e-90ea-8be19633d1e4] INFO  o.eclipse.m2e.core.internal.Bundles - 	Entry: C:\Users\admin\Downloads\eclipse-j2ee-2024-03\eclipse\plugins\org.eclipse.m2e.maven.runtime_3.9.600.20231203-1234\jars\httpcore-4.4.16.jar
2024-10-22 21:29:27,158 [Worker-5: Launching mavenrun-026f48e4-a355-4b1e-90ea-8be19633d1e4] INFO  o.eclipse.m2e.core.internal.Bundles - 	Entry: C:\Users\admin\Downloads\eclipse-j2ee-2024-03\eclipse\plugins\org.eclipse.m2e.maven.runtime_3.9.600.20231203-1234\jars\jansi-2.4.0.jar
2024-10-22 21:29:27,158 [Worker-5: Launching mavenrun-026f48e4-a355-4b1e-90ea-8be19633d1e4] INFO  o.eclipse.m2e.core.internal.Bundles - 	Entry: C:\Users\admin\Downloads\eclipse-j2ee-2024-03\eclipse\plugins\org.eclipse.m2e.maven.runtime_3.9.600.20231203-1234\jars\jcl-over-slf4j-1.7.36.jar
2024-10-22 21:29:27,158 [Worker-5: Launching mavenrun-026f48e4-a355-4b1e-90ea-8be19633d1e4] INFO  o.eclipse.m2e.core.internal.Bundles - 	Entry: C:\Users\admin\Downloads\eclipse-j2ee-2024-03\eclipse\plugins\org.eclipse.m2e.maven.runtime_3.9.600.20231203-1234\jars\maven-artifact-3.9.6.jar
2024-10-22 21:29:27,158 [Worker-5: Launching mavenrun-026f48e4-a355-4b1e-90ea-8be19633d1e4] INFO  o.eclipse.m2e.core.internal.Bundles - 	Entry: C:\Users\admin\Downloads\eclipse-j2ee-2024-03\eclipse\plugins\org.eclipse.m2e.maven.runtime_3.9.600.20231203-1234\jars\maven-builder-support-3.9.6.jar
2024-10-22 21:29:27,158 [Worker-5: Launching mavenrun-026f48e4-a355-4b1e-90ea-8be19633d1e4] INFO  o.eclipse.m2e.core.internal.Bundles - 	Entry: C:\Users\admin\Downloads\eclipse-j2ee-2024-03\eclipse\plugins\org.eclipse.m2e.maven.runtime_3.9.600.20231203-1234\jars\maven-compat-3.9.6.jar
2024-10-22 21:29:27,158 [Worker-5: Launching mavenrun-026f48e4-a355-4b1e-90ea-8be19633d1e4] INFO  o.eclipse.m2e.core.internal.Bundles - 	Entry: C:\Users\admin\Downloads\eclipse-j2ee-2024-03\eclipse\plugins\org.eclipse.m2e.maven.runtime_3.9.600.20231203-1234\jars\maven-core-3.9.6.jar
2024-10-22 21:29:27,158 [Worker-5: Launching mavenrun-026f48e4-a355-4b1e-90ea-8be19633d1e4] INFO  o.eclipse.m2e.core.internal.Bundles - 	Entry: C:\Users\admin\Downloads\eclipse-j2ee-2024-03\eclipse\plugins\org.eclipse.m2e.maven.runtime_3.9.600.20231203-1234\jars\maven-embedder-3.9.6.jar
2024-10-22 21:29:27,158 [Worker-5: Launching mavenrun-026f48e4-a355-4b1e-90ea-8be19633d1e4] INFO  o.eclipse.m2e.core.internal.Bundles - 	Entry: C:\Users\admin\Downloads\eclipse-j2ee-2024-03\eclipse\plugins\org.eclipse.m2e.maven.runtime_3.9.600.20231203-1234\jars\maven-model-3.9.6.jar
2024-10-22 21:29:27,159 [Worker-5: Launching mavenrun-026f48e4-a355-4b1e-90ea-8be19633d1e4] INFO  o.eclipse.m2e.core.internal.Bundles - 	Entry: C:\Users\admin\Downloads\eclipse-j2ee-2024-03\eclipse\plugins\org.eclipse.m2e.maven.runtime_3.9.600.20231203-1234\jars\maven-model-builder-3.9.6.jar
2024-10-22 21:29:27,159 [Worker-5: Launching mavenrun-026f48e4-a355-4b1e-90ea-8be19633d1e4] INFO  o.eclipse.m2e.core.internal.Bundles - 	Entry: C:\Users\admin\Downloads\eclipse-j2ee-2024-03\eclipse\plugins\org.eclipse.m2e.maven.runtime_3.9.600.20231203-1234\jars\maven-plugin-api-3.9.6.jar
2024-10-22 21:29:27,159 [Worker-5: Launching mavenrun-026f48e4-a355-4b1e-90ea-8be19633d1e4] INFO  o.eclipse.m2e.core.internal.Bundles - 	Entry: C:\Users\admin\Downloads\eclipse-j2ee-2024-03\eclipse\plugins\org.eclipse.m2e.maven.runtime_3.9.600.20231203-1234\jars\maven-repository-metadata-3.9.6.jar
2024-10-22 21:29:27,159 [Worker-5: Launching mavenrun-026f48e4-a355-4b1e-90ea-8be19633d1e4] INFO  o.eclipse.m2e.core.internal.Bundles - 	Entry: C:\Users\admin\Downloads\eclipse-j2ee-2024-03\eclipse\plugins\org.eclipse.m2e.maven.runtime_3.9.600.20231203-1234\jars\maven-resolver-api-1.9.18.jar
2024-10-22 21:29:27,159 [Worker-5: Launching mavenrun-026f48e4-a355-4b1e-90ea-8be19633d1e4] INFO  o.eclipse.m2e.core.internal.Bundles - 	Entry: C:\Users\admin\Downloads\eclipse-j2ee-2024-03\eclipse\plugins\org.eclipse.m2e.maven.runtime_3.9.600.20231203-1234\jars\maven-resolver-connector-basic-1.9.18.jar
2024-10-22 21:29:27,159 [Worker-5: Launching mavenrun-026f48e4-a355-4b1e-90ea-8be19633d1e4] INFO  o.eclipse.m2e.core.internal.Bundles - 	Entry: C:\Users\admin\Downloads\eclipse-j2ee-2024-03\eclipse\plugins\org.eclipse.m2e.maven.runtime_3.9.600.20231203-1234\jars\maven-resolver-impl-1.9.18.jar
2024-10-22 21:29:27,159 [Worker-5: Launching mavenrun-026f48e4-a355-4b1e-90ea-8be19633d1e4] INFO  o.eclipse.m2e.core.internal.Bundles - 	Entry: C:\Users\admin\Downloads\eclipse-j2ee-2024-03\eclipse\plugins\org.eclipse.m2e.maven.runtime_3.9.600.20231203-1234\jars\maven-resolver-named-locks-1.9.18.jar
2024-10-22 21:29:27,159 [Worker-5: Launching mavenrun-026f48e4-a355-4b1e-90ea-8be19633d1e4] INFO  o.eclipse.m2e.core.internal.Bundles - 	Entry: C:\Users\admin\Downloads\eclipse-j2ee-2024-03\eclipse\plugins\org.eclipse.m2e.maven.runtime_3.9.600.20231203-1234\jars\maven-resolver-provider-3.9.6.jar
2024-10-22 21:29:27,159 [Worker-5: Launching mavenrun-026f48e4-a355-4b1e-90ea-8be19633d1e4] INFO  o.eclipse.m2e.core.internal.Bundles - 	Entry: C:\Users\admin\Downloads\eclipse-j2ee-2024-03\eclipse\plugins\org.eclipse.m2e.maven.runtime_3.9.600.20231203-1234\jars\maven-resolver-spi-1.9.18.jar
2024-10-22 21:29:27,160 [Worker-5: Launching mavenrun-026f48e4-a355-4b1e-90ea-8be19633d1e4] INFO  o.eclipse.m2e.core.internal.Bundles - 	Entry: C:\Users\admin\Downloads\eclipse-j2ee-2024-03\eclipse\plugins\org.eclipse.m2e.maven.runtime_3.9.600.20231203-1234\jars\maven-resolver-transport-file-1.9.18.jar
2024-10-22 21:29:27,160 [Worker-5: Launching mavenrun-026f48e4-a355-4b1e-90ea-8be19633d1e4] INFO  o.eclipse.m2e.core.internal.Bundles - 	Entry: C:\Users\admin\Downloads\eclipse-j2ee-2024-03\eclipse\plugins\org.eclipse.m2e.maven.runtime_3.9.600.20231203-1234\jars\maven-resolver-transport-http-1.9.18.jar
2024-10-22 21:29:27,160 [Worker-5: Launching mavenrun-026f48e4-a355-4b1e-90ea-8be19633d1e4] INFO  o.eclipse.m2e.core.internal.Bundles - 	Entry: C:\Users\admin\Downloads\eclipse-j2ee-2024-03\eclipse\plugins\org.eclipse.m2e.maven.runtime_3.9.600.20231203-1234\jars\maven-resolver-transport-wagon-1.9.18.jar
2024-10-22 21:29:27,160 [Worker-5: Launching mavenrun-026f48e4-a355-4b1e-90ea-8be19633d1e4] INFO  o.eclipse.m2e.core.internal.Bundles - 	Entry: C:\Users\admin\Downloads\eclipse-j2ee-2024-03\eclipse\plugins\org.eclipse.m2e.maven.runtime_3.9.600.20231203-1234\jars\maven-resolver-util-1.9.18.jar
2024-10-22 21:29:27,160 [Worker-5: Launching mavenrun-026f48e4-a355-4b1e-90ea-8be19633d1e4] INFO  o.eclipse.m2e.core.internal.Bundles - 	Entry: C:\Users\admin\Downloads\eclipse-j2ee-2024-03\eclipse\plugins\org.eclipse.m2e.maven.runtime_3.9.600.20231203-1234\jars\maven-settings-3.9.6.jar
2024-10-22 21:29:27,160 [Worker-5: Launching mavenrun-026f48e4-a355-4b1e-90ea-8be19633d1e4] INFO  o.eclipse.m2e.core.internal.Bundles - 	Entry: C:\Users\admin\Downloads\eclipse-j2ee-2024-03\eclipse\plugins\org.eclipse.m2e.maven.runtime_3.9.600.20231203-1234\jars\maven-settings-builder-3.9.6.jar
2024-10-22 21:29:27,161 [Worker-5: Launching mavenrun-026f48e4-a355-4b1e-90ea-8be19633d1e4] INFO  o.eclipse.m2e.core.internal.Bundles - 	Entry: C:\Users\admin\Downloads\eclipse-j2ee-2024-03\eclipse\plugins\org.eclipse.m2e.maven.runtime_3.9.600.20231203-1234\jars\maven-shared-utils-3.3.4.jar
2024-10-22 21:29:27,161 [Worker-5: Launching mavenrun-026f48e4-a355-4b1e-90ea-8be19633d1e4] INFO  o.eclipse.m2e.core.internal.Bundles - 	Entry: C:\Users\admin\Downloads\eclipse-j2ee-2024-03\eclipse\plugins\org.eclipse.m2e.maven.runtime_3.9.600.20231203-1234\jars\org.eclipse.sisu.inject-0.9.0.M2.jar
2024-10-22 21:29:27,161 [Worker-5: Launching mavenrun-026f48e4-a355-4b1e-90ea-8be19633d1e4] INFO  o.eclipse.m2e.core.internal.Bundles - 	Entry: C:\Users\admin\Downloads\eclipse-j2ee-2024-03\eclipse\plugins\org.eclipse.m2e.maven.runtime_3.9.600.20231203-1234\jars\org.eclipse.sisu.plexus-0.9.0.M2.jar
2024-10-22 21:29:27,161 [Worker-5: Launching mavenrun-026f48e4-a355-4b1e-90ea-8be19633d1e4] INFO  o.eclipse.m2e.core.internal.Bundles - 	Entry: C:\Users\admin\Downloads\eclipse-j2ee-2024-03\eclipse\plugins\org.eclipse.m2e.maven.runtime_3.9.600.20231203-1234\jars\plexus-build-api-0.0.7.jar
2024-10-22 21:29:27,161 [Worker-5: Launching mavenrun-026f48e4-a355-4b1e-90ea-8be19633d1e4] INFO  o.eclipse.m2e.core.internal.Bundles - 	Entry: C:\Users\admin\Downloads\eclipse-j2ee-2024-03\eclipse\plugins\org.eclipse.m2e.maven.runtime_3.9.600.20231203-1234\jars\plexus-cipher-2.0.jar
2024-10-22 21:29:27,161 [Worker-5: Launching mavenrun-026f48e4-a355-4b1e-90ea-8be19633d1e4] INFO  o.eclipse.m2e.core.internal.Bundles - 	Entry: C:\Users\admin\Downloads\eclipse-j2ee-2024-03\eclipse\plugins\org.eclipse.m2e.maven.runtime_3.9.600.20231203-1234\jars\plexus-classworlds-2.7.0.jar
2024-10-22 21:29:27,161 [Worker-5: Launching mavenrun-026f48e4-a355-4b1e-90ea-8be19633d1e4] INFO  o.eclipse.m2e.core.internal.Bundles - 	Entry: C:\Users\admin\Downloads\eclipse-j2ee-2024-03\eclipse\plugins\org.eclipse.m2e.maven.runtime_3.9.600.20231203-1234\jars\plexus-component-annotations-2.1.0.jar
2024-10-22 21:29:27,161 [Worker-5: Launching mavenrun-026f48e4-a355-4b1e-90ea-8be19633d1e4] INFO  o.eclipse.m2e.core.internal.Bundles - 	Entry: C:\Users\admin\Downloads\eclipse-j2ee-2024-03\eclipse\plugins\org.eclipse.m2e.maven.runtime_3.9.600.20231203-1234\jars\plexus-interpolation-1.26.jar
2024-10-22 21:29:27,161 [Worker-5: Launching mavenrun-026f48e4-a355-4b1e-90ea-8be19633d1e4] INFO  o.eclipse.m2e.core.internal.Bundles - 	Entry: C:\Users\admin\Downloads\eclipse-j2ee-2024-03\eclipse\plugins\org.eclipse.m2e.maven.runtime_3.9.600.20231203-1234\jars\plexus-sec-dispatcher-2.0.jar
2024-10-22 21:29:27,161 [Worker-5: Launching mavenrun-026f48e4-a355-4b1e-90ea-8be19633d1e4] INFO  o.eclipse.m2e.core.internal.Bundles - 	Entry: C:\Users\admin\Downloads\eclipse-j2ee-2024-03\eclipse\plugins\org.eclipse.m2e.maven.runtime_3.9.600.20231203-1234\jars\plexus-utils-3.5.1.jar
2024-10-22 21:29:27,162 [Worker-5: Launching mavenrun-026f48e4-a355-4b1e-90ea-8be19633d1e4] INFO  o.eclipse.m2e.core.internal.Bundles - 	Entry: C:\Users\admin\Downloads\eclipse-j2ee-2024-03\eclipse\plugins\org.eclipse.m2e.maven.runtime_3.9.600.20231203-1234\jars\wagon-file-3.5.3.jar
2024-10-22 21:29:27,162 [Worker-5: Launching mavenrun-026f48e4-a355-4b1e-90ea-8be19633d1e4] INFO  o.eclipse.m2e.core.internal.Bundles - 	Entry: C:\Users\admin\Downloads\eclipse-j2ee-2024-03\eclipse\plugins\org.eclipse.m2e.maven.runtime_3.9.600.20231203-1234\jars\wagon-http-3.5.3.jar
2024-10-22 21:29:27,162 [Worker-5: Launching mavenrun-026f48e4-a355-4b1e-90ea-8be19633d1e4] INFO  o.eclipse.m2e.core.internal.Bundles - 	Entry: C:\Users\admin\Downloads\eclipse-j2ee-2024-03\eclipse\plugins\org.eclipse.m2e.maven.runtime_3.9.600.20231203-1234\jars\wagon-http-shared-3.5.3.jar
2024-10-22 21:29:27,162 [Worker-5: Launching mavenrun-026f48e4-a355-4b1e-90ea-8be19633d1e4] INFO  o.eclipse.m2e.core.internal.Bundles - 	Entry: C:\Users\admin\Downloads\eclipse-j2ee-2024-03\eclipse\plugins\org.eclipse.m2e.maven.runtime_3.9.600.20231203-1234\jars\wagon-provider-api-3.5.3.jar
2024-10-22 21:29:27,163 [Worker-5: Launching mavenrun-026f48e4-a355-4b1e-90ea-8be19633d1e4] INFO  o.eclipse.m2e.core.internal.Bundles - getClasspathEntries(Bundle=com.google.guava_33.0.0.jre [14])
2024-10-22 21:29:27,164 [Worker-5: Launching mavenrun-026f48e4-a355-4b1e-90ea-8be19633d1e4] INFO  o.eclipse.m2e.core.internal.Bundles - 	Entry: C:\Users\admin\Downloads\eclipse-j2ee-2024-03\eclipse\plugins\com.google.guava_33.0.0.jre.jar
2024-10-22 21:29:27,164 [Worker-5: Launching mavenrun-026f48e4-a355-4b1e-90ea-8be19633d1e4] INFO  o.eclipse.m2e.core.internal.Bundles - getClasspathEntries(Bundle=slf4j.api_2.0.12 [1001])
2024-10-22 21:29:27,164 [Worker-5: Launching mavenrun-026f48e4-a355-4b1e-90ea-8be19633d1e4] INFO  o.eclipse.m2e.core.internal.Bundles - 	Entry: C:\Users\admin\Downloads\eclipse-j2ee-2024-03\eclipse\plugins\slf4j.api_2.0.12.jar
2024-10-22 21:29:27,165 [Worker-5: Launching mavenrun-026f48e4-a355-4b1e-90ea-8be19633d1e4] INFO  o.eclipse.m2e.core.internal.Bundles - getClasspathEntries(Bundle=jakarta.inject.jakarta.inject-api_1.0.5 [32])
2024-10-22 21:29:27,165 [Worker-5: Launching mavenrun-026f48e4-a355-4b1e-90ea-8be19633d1e4] INFO  o.eclipse.m2e.core.internal.Bundles - 	Entry: C:\Users\admin\Downloads\eclipse-j2ee-2024-03\eclipse\plugins\jakarta.inject.jakarta.inject-api_1.0.5.jar
2024-10-22 21:29:27,165 [Worker-5: Launching mavenrun-026f48e4-a355-4b1e-90ea-8be19633d1e4] INFO  o.eclipse.m2e.core.internal.Bundles - getClasspathEntries(Bundle=jakarta.annotation-api_1.3.5 [27])
2024-10-22 21:29:27,165 [Worker-5: Launching mavenrun-026f48e4-a355-4b1e-90ea-8be19633d1e4] INFO  o.eclipse.m2e.core.internal.Bundles - 	Entry: C:\Users\admin\Downloads\eclipse-j2ee-2024-03\eclipse\plugins\jakarta.annotation-api_1.3.5.jar
2024-10-22 21:29:27,165 [Worker-5: Launching mavenrun-026f48e4-a355-4b1e-90ea-8be19633d1e4] INFO  o.eclipse.m2e.core.internal.Bundles - getClasspathEntries(Bundle=org.apache.commons.cli_1.6.0 [75])
2024-10-22 21:29:27,165 [Worker-5: Launching mavenrun-026f48e4-a355-4b1e-90ea-8be19633d1e4] INFO  o.eclipse.m2e.core.internal.Bundles - 	Entry: C:\Users\admin\Downloads\eclipse-j2ee-2024-03\eclipse\plugins\org.apache.commons.cli_1.6.0.jar
2024-10-22 21:29:27,165 [Worker-5: Launching mavenrun-026f48e4-a355-4b1e-90ea-8be19633d1e4] INFO  o.eclipse.m2e.core.internal.Bundles - getClasspathEntries(Bundle=org.apache.commons.commons-codec_1.16.0 [78])
2024-10-22 21:29:27,166 [Worker-5: Launching mavenrun-026f48e4-a355-4b1e-90ea-8be19633d1e4] INFO  o.eclipse.m2e.core.internal.Bundles - 	Entry: C:\Users\admin\Downloads\eclipse-j2ee-2024-03\eclipse\plugins\org.apache.commons.commons-codec_1.16.0.jar
2024-10-22 21:29:27,166 [Worker-5: Launching mavenrun-026f48e4-a355-4b1e-90ea-8be19633d1e4] INFO  o.eclipse.m2e.core.internal.Bundles - getClasspathEntries(Bundle=org.apache.commons.lang3_3.14.0 [86])
2024-10-22 21:29:27,166 [Worker-5: Launching mavenrun-026f48e4-a355-4b1e-90ea-8be19633d1e4] INFO  o.eclipse.m2e.core.internal.Bundles - 	Entry: C:\Users\admin\Downloads\eclipse-j2ee-2024-03\eclipse\plugins\org.apache.commons.lang3_3.14.0.jar
2024-10-22 21:29:27,166 [Worker-5: Launching mavenrun-026f48e4-a355-4b1e-90ea-8be19633d1e4] INFO  o.eclipse.m2e.core.internal.Bundles - getClasspathEntries(Bundle=com.google.guava.failureaccess_1.0.2 [15])
2024-10-22 21:29:27,166 [Worker-5: Launching mavenrun-026f48e4-a355-4b1e-90ea-8be19633d1e4] INFO  o.eclipse.m2e.core.internal.Bundles - 	Entry: C:\Users\admin\Downloads\eclipse-j2ee-2024-03\eclipse\plugins\com.google.guava.failureaccess_1.0.2.jar
2024-10-22 21:29:27,177 [Worker-5: Launching mavenrun-026f48e4-a355-4b1e-90ea-8be19633d1e4] INFO  o.e.m.i.launch.MavenLaunchDelegate - Run build in "C:\Users\admin\AppData\Local\Temp\m2e-archetypeGenerator413445442396545280":
2024-10-22 21:29:27,182 [Worker-5: Launching mavenrun-026f48e4-a355-4b1e-90ea-8be19633d1e4] INFO  o.e.m.i.launch.MavenLaunchDelegate -  mvn  -DarchetypeGroupId=org.apache.maven.archetypes -DarchetypeArtifactId=maven-archetype-webapp -DarchetypeVersion=1.0 -DgroupId=com.weatherforecasting -DartifactId=WeatherForecasting -Dversion=0.0.1-SNAPSHOT -Dpackage=com.weatherforecasting.WeatherForecasting -DoutputDirectory=C:\Users\admin\Desktop\WeatherForecasting -Dstyle.color=always -U archetype:generate
2024-10-22 21:29:41,461 [Worker-6: Creating maven-archetype-webapp] INFO  o.e.m.c.i.p.ProjectConfigurationManager - Collecting project info '/pom.xml' C:\Users\admin\Desktop\WeatherForecasting\WeatherForecasting\pom.xml
2024-10-22 21:29:43,771 [Worker-6: Creating maven-archetype-webapp] INFO  o.e.m.c.i.l.LifecycleMappingFactory - Using org.maven.ide.eclipse.wtp.WarLifecycleMapping lifecycle mapping for MavenProject: com.weatherforecasting:WeatherForecasting:0.0.1-SNAPSHOT @ C:\Users\admin\Desktop\WeatherForecasting\WeatherForecasting\pom.xml.
2024-10-22 21:29:46,597 [Worker-6: Creating maven-archetype-webapp] INFO  o.e.m.j.i.AbstractJavaProjectConfigurator - Adding source folder /WeatherForecasting/src/main/java
2024-10-22 21:29:46,598 [Worker-6: Creating maven-archetype-webapp] INFO  o.e.m.j.i.AbstractJavaProjectConfigurator - Adding resource folder /WeatherForecasting/src/main/resources
2024-10-22 21:29:46,599 [Worker-6: Creating maven-archetype-webapp] INFO  o.e.m.j.i.AbstractJavaProjectConfigurator - Adding source folder /WeatherForecasting/src/test/java
2024-10-22 21:29:46,600 [Worker-6: Creating maven-archetype-webapp] INFO  o.e.m.j.i.AbstractJavaProjectConfigurator - Adding resource folder /WeatherForecasting/src/test/resources
2024-10-22 21:29:48,243 [Worker-6: Creating maven-archetype-webapp] INFO  o.e.m.c.i.p.ProjectConfigurationManager - Imported and configured 1 project(s) in 6 sec
2024-10-22 21:29:48,943 [Worker-1: Building] WARN  o.a.m.s.f.DefaultMavenResourcesFiltering - Using platform encoding (Cp1252 actually) to copy filtered resources, i.e. build is platform dependent!
2024-10-22 21:29:48,950 [Worker-1: Building] INFO  o.a.m.s.f.DefaultMavenResourcesFiltering - Copying 0 resource from src\main\resources to target\classes
2024-10-22 21:29:48,955 [Worker-1: Building] WARN  o.a.m.s.f.DefaultMavenResourcesFiltering - Using platform encoding (Cp1252 actually) to copy filtered resources, i.e. build is platform dependent!
2024-10-22 21:29:48,956 [Worker-1: Building] INFO  o.a.m.s.f.DefaultMavenResourcesFiltering - skip non existing resourceDirectory C:\Users\admin\Desktop\WeatherForecasting\WeatherForecasting\src\test\resources
2024-10-22 21:30:05,705 [Worker-6: Building] WARN  o.a.m.s.f.DefaultMavenResourcesFiltering - Using platform encoding (Cp1252 actually) to copy filtered resources, i.e. build is platform dependent!
2024-10-22 21:30:05,725 [Worker-6: Building] INFO  o.a.m.s.f.DefaultMavenResourcesFiltering - Copying 0 resource from src\main\resources to target\classes
2024-10-22 21:30:05,729 [Worker-6: Building] WARN  o.a.m.s.f.DefaultMavenResourcesFiltering - Using platform encoding (Cp1252 actually) to copy filtered resources, i.e. build is platform dependent!
2024-10-22 21:30:05,731 [Worker-6: Building] INFO  o.a.m.s.f.DefaultMavenResourcesFiltering - Copying 0 resource from src\test\resources to target\test-classes
2024-10-22 21:30:39,012 [Worker-1: Building] WARN  o.a.m.s.f.DefaultMavenResourcesFiltering - Using platform encoding (Cp1252 actually) to copy filtered resources, i.e. build is platform dependent!
2024-10-22 21:30:39,015 [Worker-1: Building] INFO  o.a.m.s.f.DefaultMavenResourcesFiltering - Copying 0 resource from src\main\resources to target\classes
2024-10-22 21:30:39,018 [Worker-1: Building] WARN  o.a.m.s.f.DefaultMavenResourcesFiltering - Using platform encoding (Cp1252 actually) to copy filtered resources, i.e. build is platform dependent!
2024-10-22 21:30:39,020 [Worker-1: Building] INFO  o.a.m.s.f.DefaultMavenResourcesFiltering - Copying 0 resource from src\test\resources to target\test-classes
2024-10-22 21:32:28,479 [Worker-15: Building] WARN  o.a.m.s.f.DefaultMavenResourcesFiltering - Using platform encoding (Cp1252 actually) to copy filtered resources, i.e. build is platform dependent!
2024-10-22 21:32:28,482 [Worker-15: Building] INFO  o.a.m.s.f.DefaultMavenResourcesFiltering - Copying 0 resource from src\main\resources to target\classes
2024-10-22 21:32:28,486 [Worker-15: Building] WARN  o.a.m.s.f.DefaultMavenResourcesFiltering - Using platform encoding (Cp1252 actually) to copy filtered resources, i.e. build is platform dependent!
2024-10-22 21:32:28,488 [Worker-15: Building] INFO  o.a.m.s.f.DefaultMavenResourcesFiltering - Copying 0 resource from src\test\resources to target\test-classes
2024-10-22 21:32:35,279 [Worker-16: Building] WARN  o.a.m.s.f.DefaultMavenResourcesFiltering - Using platform encoding (Cp1252 actually) to copy filtered resources, i.e. build is platform dependent!
2024-10-22 21:32:35,281 [Worker-16: Building] INFO  o.a.m.s.f.DefaultMavenResourcesFiltering - Copying 0 resource from src\main\resources to target\classes
2024-10-22 21:32:35,284 [Worker-16: Building] WARN  o.a.m.s.f.DefaultMavenResourcesFiltering - Using platform encoding (Cp1252 actually) to copy filtered resources, i.e. build is platform dependent!
2024-10-22 21:32:35,287 [Worker-16: Building] INFO  o.a.m.s.f.DefaultMavenResourcesFiltering - Copying 0 resource from src\test\resources to target\test-classes
2024-10-22 21:32:51,776 [Worker-16: Building] WARN  o.a.m.s.f.DefaultMavenResourcesFiltering - Using platform encoding (Cp1252 actually) to copy filtered resources, i.e. build is platform dependent!
2024-10-22 21:32:51,778 [Worker-16: Building] INFO  o.a.m.s.f.DefaultMavenResourcesFiltering - Copying 0 resource from src\main\resources to target\classes
2024-10-22 21:32:51,781 [Worker-16: Building] WARN  o.a.m.s.f.DefaultMavenResourcesFiltering - Using platform encoding (Cp1252 actually) to copy filtered resources, i.e. build is platform dependent!
2024-10-22 21:32:51,784 [Worker-16: Building] INFO  o.a.m.s.f.DefaultMavenResourcesFiltering - Copying 0 resource from src\test\resources to target\test-classes
2024-10-22 21:33:02,867 [Worker-5: Building] WARN  o.a.m.s.f.DefaultMavenResourcesFiltering - Using platform encoding (Cp1252 actually) to copy filtered resources, i.e. build is platform dependent!
2024-10-22 21:33:02,868 [Worker-5: Building] INFO  o.a.m.s.f.DefaultMavenResourcesFiltering - Copying 0 resource from src\main\resources to target\classes
2024-10-22 21:33:02,870 [Worker-5: Building] WARN  o.a.m.s.f.DefaultMavenResourcesFiltering - Using platform encoding (Cp1252 actually) to copy filtered resources, i.e. build is platform dependent!
2024-10-22 21:33:02,871 [Worker-5: Building] INFO  o.a.m.s.f.DefaultMavenResourcesFiltering - Copying 0 resource from src\test\resources to target\test-classes
2024-10-22 21:33:27,456 [Worker-5: Building] WARN  o.a.m.s.f.DefaultMavenResourcesFiltering - Using platform encoding (Cp1252 actually) to copy filtered resources, i.e. build is platform dependent!
2024-10-22 21:33:27,459 [Worker-5: Building] INFO  o.a.m.s.f.DefaultMavenResourcesFiltering - Copying 0 resource from src\main\resources to target\classes
2024-10-22 21:33:27,464 [Worker-5: Building] WARN  o.a.m.s.f.DefaultMavenResourcesFiltering - Using platform encoding (Cp1252 actually) to copy filtered resources, i.e. build is platform dependent!
2024-10-22 21:33:27,465 [Worker-5: Building] INFO  o.a.m.s.f.DefaultMavenResourcesFiltering - Copying 0 resource from src\test\resources to target\test-classes
2024-10-22 21:33:35,109 [Worker-17: Building] WARN  o.a.m.s.f.DefaultMavenResourcesFiltering - Using platform encoding (Cp1252 actually) to copy filtered resources, i.e. build is platform dependent!
2024-10-22 21:33:35,111 [Worker-17: Building] INFO  o.a.m.s.f.DefaultMavenResourcesFiltering - Copying 0 resource from src\main\resources to target\classes
2024-10-22 21:33:35,113 [Worker-17: Building] WARN  o.a.m.s.f.DefaultMavenResourcesFiltering - Using platform encoding (Cp1252 actually) to copy filtered resources, i.e. build is platform dependent!
2024-10-22 21:33:35,115 [Worker-17: Building] INFO  o.a.m.s.f.DefaultMavenResourcesFiltering - Copying 0 resource from src\test\resources to target\test-classes
2024-10-22 21:34:35,551 [Worker-16: Building] WARN  o.a.m.s.f.DefaultMavenResourcesFiltering - Using platform encoding (Cp1252 actually) to copy filtered resources, i.e. build is platform dependent!
2024-10-22 21:34:35,553 [Worker-16: Building] INFO  o.a.m.s.f.DefaultMavenResourcesFiltering - Copying 0 resource from src\main\resources to target\classes
2024-10-22 21:34:35,557 [Worker-16: Building] WARN  o.a.m.s.f.DefaultMavenResourcesFiltering - Using platform encoding (Cp1252 actually) to copy filtered resources, i.e. build is platform dependent!
2024-10-22 21:34:35,560 [Worker-16: Building] INFO  o.a.m.s.f.DefaultMavenResourcesFiltering - Copying 0 resource from src\test\resources to target\test-classes
2024-10-22 21:34:53,830 [Worker-14: Building] WARN  o.a.m.s.f.DefaultMavenResourcesFiltering - Using platform encoding (Cp1252 actually) to copy filtered resources, i.e. build is platform dependent!
2024-10-22 21:34:53,832 [Worker-14: Building] INFO  o.a.m.s.f.DefaultMavenResourcesFiltering - Copying 0 resource from src\main\resources to target\classes
2024-10-22 21:34:53,836 [Worker-14: Building] WARN  o.a.m.s.f.DefaultMavenResourcesFiltering - Using platform encoding (Cp1252 actually) to copy filtered resources, i.e. build is platform dependent!
2024-10-22 21:34:53,838 [Worker-14: Building] INFO  o.a.m.s.f.DefaultMavenResourcesFiltering - Copying 0 resource from src\test\resources to target\test-classes
2024-10-22 21:35:10,042 [Worker-14: Building] WARN  o.a.m.s.f.DefaultMavenResourcesFiltering - Using platform encoding (Cp1252 actually) to copy filtered resources, i.e. build is platform dependent!
2024-10-22 21:35:10,043 [Worker-14: Building] INFO  o.a.m.s.f.DefaultMavenResourcesFiltering - Copying 0 resource from src\main\resources to target\classes
2024-10-22 21:35:10,046 [Worker-14: Building] WARN  o.a.m.s.f.DefaultMavenResourcesFiltering - Using platform encoding (Cp1252 actually) to copy filtered resources, i.e. build is platform dependent!
2024-10-22 21:35:10,047 [Worker-14: Building] INFO  o.a.m.s.f.DefaultMavenResourcesFiltering - Copying 0 resource from src\test\resources to target\test-classes
2024-10-22 21:35:22,854 [Worker-16: Building] WARN  o.a.m.s.f.DefaultMavenResourcesFiltering - Using platform encoding (Cp1252 actually) to copy filtered resources, i.e. build is platform dependent!
2024-10-22 21:35:22,855 [Worker-16: Building] INFO  o.a.m.s.f.DefaultMavenResourcesFiltering - Copying 0 resource from src\main\resources to target\classes
2024-10-22 21:35:22,858 [Worker-16: Building] WARN  o.a.m.s.f.DefaultMavenResourcesFiltering - Using platform encoding (Cp1252 actually) to copy filtered resources, i.e. build is platform dependent!
2024-10-22 21:35:22,859 [Worker-16: Building] INFO  o.a.m.s.f.DefaultMavenResourcesFiltering - Copying 0 resource from src\test\resources to target\test-classes
2024-10-22 21:35:36,316 [Worker-15: Building] WARN  o.a.m.s.f.DefaultMavenResourcesFiltering - Using platform encoding (Cp1252 actually) to copy filtered resources, i.e. build is platform dependent!
2024-10-22 21:35:36,317 [Worker-15: Building] INFO  o.a.m.s.f.DefaultMavenResourcesFiltering - Copying 0 resource from src\main\resources to target\classes
2024-10-22 21:35:36,319 [Worker-15: Building] WARN  o.a.m.s.f.DefaultMavenResourcesFiltering - Using platform encoding (Cp1252 actually) to copy filtered resources, i.e. build is platform dependent!
2024-10-22 21:35:36,320 [Worker-15: Building] INFO  o.a.m.s.f.DefaultMavenResourcesFiltering - Copying 0 resource from src\test\resources to target\test-classes
2024-10-22 21:36:05,327 [Worker-15: Building] WARN  o.a.m.s.f.DefaultMavenResourcesFiltering - Using platform encoding (Cp1252 actually) to copy filtered resources, i.e. build is platform dependent!
2024-10-22 21:36:05,329 [Worker-15: Building] INFO  o.a.m.s.f.DefaultMavenResourcesFiltering - Copying 0 resource from src\main\resources to target\classes
2024-10-22 21:36:05,332 [Worker-15: Building] WARN  o.a.m.s.f.DefaultMavenResourcesFiltering - Using platform encoding (Cp1252 actually) to copy filtered resources, i.e. build is platform dependent!
2024-10-22 21:36:05,334 [Worker-15: Building] INFO  o.a.m.s.f.DefaultMavenResourcesFiltering - Copying 0 resource from src\test\resources to target\test-classes
2024-10-22 21:36:57,219 [Worker-15: Building] INFO  o.e.m.c.i.l.LifecycleMappingFactory - Using org.maven.ide.eclipse.wtp.WarLifecycleMapping lifecycle mapping for MavenProject: com.weatherforecasting:WeatherForecasting:0.0.1-SNAPSHOT @ C:\Users\admin\Desktop\WeatherForecasting\WeatherForecasting\pom.xml.
2024-10-22 21:36:57,458 [Worker-15: Building] INFO  o.e.m.c.i.e.AbstractTransferListenerAdapter - Downloading https://repo.maven.apache.org/maven2/com/squareup/okhttp3/okhttp/4.10.0/okhttp-4.10.0.pom
2024-10-22 21:36:57,540 [Worker-15: Building] INFO  o.e.m.c.i.e.AbstractTransferListenerAdapter - Downloaded https://repo.maven.apache.org/maven2/com/squareup/okhttp3/okhttp/4.10.0/okhttp-4.10.0.pom
2024-10-22 21:36:57,574 [Worker-15: Building] INFO  o.e.m.c.i.e.AbstractTransferListenerAdapter - Downloading https://repo.maven.apache.org/maven2/com/squareup/okio/okio-jvm/3.0.0/okio-jvm-3.0.0.pom
2024-10-22 21:36:57,584 [Worker-15: Building] INFO  o.e.m.c.i.e.AbstractTransferListenerAdapter - Downloaded https://repo.maven.apache.org/maven2/com/squareup/okio/okio-jvm/3.0.0/okio-jvm-3.0.0.pom
2024-10-22 21:36:57,610 [Worker-15: Building] INFO  o.e.m.c.i.e.AbstractTransferListenerAdapter - Downloading https://repo.maven.apache.org/maven2/org/jetbrains/kotlin/kotlin-stdlib-jdk8/1.5.31/kotlin-stdlib-jdk8-1.5.31.pom
2024-10-22 21:36:57,643 [Worker-15: Building] INFO  o.e.m.c.i.e.AbstractTransferListenerAdapter - Downloaded https://repo.maven.apache.org/maven2/org/jetbrains/kotlin/kotlin-stdlib-jdk8/1.5.31/kotlin-stdlib-jdk8-1.5.31.pom
2024-10-22 21:36:57,667 [Worker-15: Building] INFO  o.e.m.c.i.e.AbstractTransferListenerAdapter - Downloading https://repo.maven.apache.org/maven2/org/jetbrains/kotlin/kotlin-stdlib/1.5.31/kotlin-stdlib-1.5.31.pom
2024-10-22 21:36:57,691 [Worker-15: Building] INFO  o.e.m.c.i.e.AbstractTransferListenerAdapter - Downloaded https://repo.maven.apache.org/maven2/org/jetbrains/kotlin/kotlin-stdlib/1.5.31/kotlin-stdlib-1.5.31.pom
2024-10-22 21:36:57,717 [Worker-15: Building] INFO  o.e.m.c.i.e.AbstractTransferListenerAdapter - Downloading https://repo.maven.apache.org/maven2/org/jetbrains/annotations/13.0/annotations-13.0.pom
2024-10-22 21:36:57,741 [Worker-15: Building] INFO  o.e.m.c.i.e.AbstractTransferListenerAdapter - Downloaded https://repo.maven.apache.org/maven2/org/jetbrains/annotations/13.0/annotations-13.0.pom
2024-10-22 21:36:57,767 [Worker-15: Building] INFO  o.e.m.c.i.e.AbstractTransferListenerAdapter - Downloading https://repo.maven.apache.org/maven2/org/jetbrains/kotlin/kotlin-stdlib-common/1.5.31/kotlin-stdlib-common-1.5.31.pom
2024-10-22 21:36:57,790 [Worker-15: Building] INFO  o.e.m.c.i.e.AbstractTransferListenerAdapter - Downloaded https://repo.maven.apache.org/maven2/org/jetbrains/kotlin/kotlin-stdlib-common/1.5.31/kotlin-stdlib-common-1.5.31.pom
2024-10-22 21:36:57,817 [Worker-15: Building] INFO  o.e.m.c.i.e.AbstractTransferListenerAdapter - Downloading https://repo.maven.apache.org/maven2/org/jetbrains/kotlin/kotlin-stdlib-jdk7/1.5.31/kotlin-stdlib-jdk7-1.5.31.pom
2024-10-22 21:36:57,846 [Worker-15: Building] INFO  o.e.m.c.i.e.AbstractTransferListenerAdapter - Downloaded https://repo.maven.apache.org/maven2/org/jetbrains/kotlin/kotlin-stdlib-jdk7/1.5.31/kotlin-stdlib-jdk7-1.5.31.pom
2024-10-22 21:36:57,873 [Worker-15: Building] INFO  o.e.m.c.i.e.AbstractTransferListenerAdapter - Downloading https://repo.maven.apache.org/maven2/org/jetbrains/kotlin/kotlin-stdlib/1.6.20/kotlin-stdlib-1.6.20.pom
2024-10-22 21:36:57,894 [Worker-15: Building] INFO  o.e.m.c.i.e.AbstractTransferListenerAdapter - Downloaded https://repo.maven.apache.org/maven2/org/jetbrains/kotlin/kotlin-stdlib/1.6.20/kotlin-stdlib-1.6.20.pom
2024-10-22 21:36:57,919 [Worker-15: Building] INFO  o.e.m.c.i.e.AbstractTransferListenerAdapter - Downloading https://repo.maven.apache.org/maven2/org/jetbrains/kotlin/kotlin-stdlib-common/1.6.20/kotlin-stdlib-common-1.6.20.pom
2024-10-22 21:36:57,943 [Worker-15: Building] INFO  o.e.m.c.i.e.AbstractTransferListenerAdapter - Downloaded https://repo.maven.apache.org/maven2/org/jetbrains/kotlin/kotlin-stdlib-common/1.6.20/kotlin-stdlib-common-1.6.20.pom
2024-10-22 21:36:57,970 [Worker-15: Building] INFO  o.e.m.c.i.e.AbstractTransferListenerAdapter - Downloading https://repo.maven.apache.org/maven2/com/squareup/okhttp3/okhttp/4.10.0/okhttp-4.10.0.jar
2024-10-22 21:36:58,076 [Worker-15: Building] INFO  o.e.m.c.i.e.AbstractTransferListenerAdapter - Downloaded https://repo.maven.apache.org/maven2/com/squareup/okhttp3/okhttp/4.10.0/okhttp-4.10.0.jar
2024-10-22 21:36:58,095 [BasicRepositoryConnector-repo.maven.apache.org-0-3] INFO  o.e.m.c.i.e.AbstractTransferListenerAdapter - Downloading https://repo.maven.apache.org/maven2/org/jetbrains/kotlin/kotlin-stdlib-common/1.5.31/kotlin-stdlib-common-1.5.31.jar
2024-10-22 21:36:58,136 [BasicRepositoryConnector-repo.maven.apache.org-0-1] INFO  o.e.m.c.i.e.AbstractTransferListenerAdapter - Downloading https://repo.maven.apache.org/maven2/org/jetbrains/kotlin/kotlin-stdlib-jdk8/1.5.31/kotlin-stdlib-jdk8-1.5.31.jar
2024-10-22 21:36:58,137 [BasicRepositoryConnector-repo.maven.apache.org-0-0] INFO  o.e.m.c.i.e.AbstractTransferListenerAdapter - Downloading https://repo.maven.apache.org/maven2/com/squareup/okio/okio-jvm/3.0.0/okio-jvm-3.0.0.jar
2024-10-22 21:36:58,138 [BasicRepositoryConnector-repo.maven.apache.org-0-2] INFO  o.e.m.c.i.e.AbstractTransferListenerAdapter - Downloading https://repo.maven.apache.org/maven2/org/jetbrains/kotlin/kotlin-stdlib-jdk7/1.5.31/kotlin-stdlib-jdk7-1.5.31.jar
2024-10-22 21:36:58,138 [BasicRepositoryConnector-repo.maven.apache.org-0-4] INFO  o.e.m.c.i.e.AbstractTransferListenerAdapter - Downloading https://repo.maven.apache.org/maven2/org/jetbrains/kotlin/kotlin-stdlib/1.6.20/kotlin-stdlib-1.6.20.jar
2024-10-22 21:36:58,143 [BasicRepositoryConnector-repo.maven.apache.org-0-3] INFO  o.e.m.c.i.e.AbstractTransferListenerAdapter - Downloaded https://repo.maven.apache.org/maven2/org/jetbrains/kotlin/kotlin-stdlib-common/1.5.31/kotlin-stdlib-common-1.5.31.jar
2024-10-22 21:36:58,166 [BasicRepositoryConnector-repo.maven.apache.org-0-3] INFO  o.e.m.c.i.e.AbstractTransferListenerAdapter - Downloading https://repo.maven.apache.org/maven2/org/jetbrains/annotations/13.0/annotations-13.0.jar
2024-10-22 21:36:58,176 [BasicRepositoryConnector-repo.maven.apache.org-0-3] INFO  o.e.m.c.i.e.AbstractTransferListenerAdapter - Downloaded https://repo.maven.apache.org/maven2/org/jetbrains/annotations/13.0/annotations-13.0.jar
2024-10-22 21:36:58,260 [BasicRepositoryConnector-repo.maven.apache.org-0-0] INFO  o.e.m.c.i.e.AbstractTransferListenerAdapter - Downloaded https://repo.maven.apache.org/maven2/com/squareup/okio/okio-jvm/3.0.0/okio-jvm-3.0.0.jar
2024-10-22 21:36:58,338 [BasicRepositoryConnector-repo.maven.apache.org-0-4] INFO  o.e.m.c.i.e.AbstractTransferListenerAdapter - Downloaded https://repo.maven.apache.org/maven2/org/jetbrains/kotlin/kotlin-stdlib/1.6.20/kotlin-stdlib-1.6.20.jar
2024-10-22 21:36:58,375 [BasicRepositoryConnector-repo.maven.apache.org-0-2] INFO  o.e.m.c.i.e.AbstractTransferListenerAdapter - Downloaded https://repo.maven.apache.org/maven2/org/jetbrains/kotlin/kotlin-stdlib-jdk7/1.5.31/kotlin-stdlib-jdk7-1.5.31.jar
2024-10-22 21:36:58,437 [BasicRepositoryConnector-repo.maven.apache.org-0-1] INFO  o.e.m.c.i.e.AbstractTransferListenerAdapter - Downloaded https://repo.maven.apache.org/maven2/org/jetbrains/kotlin/kotlin-stdlib-jdk8/1.5.31/kotlin-stdlib-jdk8-1.5.31.jar
2024-10-22 21:36:59,155 [Worker-15: Building] WARN  o.a.m.s.f.DefaultMavenResourcesFiltering - Using platform encoding (Cp1252 actually) to copy filtered resources, i.e. build is platform dependent!
2024-10-22 21:36:59,161 [Worker-15: Building] INFO  o.a.m.s.f.DefaultMavenResourcesFiltering - Copying 0 resource from src\main\resources to target\classes
2024-10-22 21:36:59,165 [Worker-15: Building] WARN  o.a.m.s.f.DefaultMavenResourcesFiltering - Using platform encoding (Cp1252 actually) to copy filtered resources, i.e. build is platform dependent!
2024-10-22 21:36:59,167 [Worker-15: Building] INFO  o.a.m.s.f.DefaultMavenResourcesFiltering - Copying 0 resource from src\test\resources to target\test-classes
2024-10-22 21:36:59,167 [Worker-15: Building] INFO  o.e.m.w.i.f.ResourceFilteringBuildParticipant - Changed resources require a complete clean of filtered resources of WeatherForecasting
2024-10-22 21:36:59,170 [Worker-15: Building] INFO  o.e.m.w.i.f.ResourceFilteringBuildParticipant - Executing resource filtering for WeatherForecasting
2024-10-22 21:37:00,161 [Worker-17: Download sources and javadoc] INFO  o.e.m.c.i.e.AbstractTransferListenerAdapter - Downloading https://repo.maven.apache.org/maven2/com/squareup/okhttp3/okhttp/4.10.0/okhttp-4.10.0-sources.jar
2024-10-22 21:37:00,260 [Worker-17: Download sources and javadoc] INFO  o.e.m.c.i.e.AbstractTransferListenerAdapter - Downloaded https://repo.maven.apache.org/maven2/com/squareup/okhttp3/okhttp/4.10.0/okhttp-4.10.0-sources.jar
2024-10-22 21:37:00,269 [Worker-17: Download sources and javadoc] INFO  o.e.m.j.internal.DownloadSourcesJob - Downloaded sources for com.squareup.okhttp3:okhttp:4.10.0
2024-10-22 21:37:00,325 [Worker-17: Download sources and javadoc] INFO  o.e.m.c.i.e.AbstractTransferListenerAdapter - Downloading https://repo.maven.apache.org/maven2/com/squareup/okio/okio-jvm/3.0.0/okio-jvm-3.0.0-sources.jar
2024-10-22 21:37:00,393 [Worker-17: Download sources and javadoc] INFO  o.e.m.c.i.e.AbstractTransferListenerAdapter - Downloaded https://repo.maven.apache.org/maven2/com/squareup/okio/okio-jvm/3.0.0/okio-jvm-3.0.0-sources.jar
2024-10-22 21:37:00,398 [Worker-17: Download sources and javadoc] INFO  o.e.m.j.internal.DownloadSourcesJob - Downloaded sources for com.squareup.okio:okio-jvm:3.0.0
2024-10-22 21:37:00,453 [Worker-17: Download sources and javadoc] INFO  o.e.m.c.i.e.AbstractTransferListenerAdapter - Downloading https://repo.maven.apache.org/maven2/org/jetbrains/kotlin/kotlin-stdlib-jdk8/1.5.31/kotlin-stdlib-jdk8-1.5.31-sources.jar
2024-10-22 21:37:00,663 [Worker-17: Download sources and javadoc] INFO  o.e.m.c.i.e.AbstractTransferListenerAdapter - Downloaded https://repo.maven.apache.org/maven2/org/jetbrains/kotlin/kotlin-stdlib-jdk8/1.5.31/kotlin-stdlib-jdk8-1.5.31-sources.jar
2024-10-22 21:37:00,668 [Worker-17: Download sources and javadoc] INFO  o.e.m.j.internal.DownloadSourcesJob - Downloaded sources for org.jetbrains.kotlin:kotlin-stdlib-jdk8:1.5.31
2024-10-22 21:37:00,731 [Worker-17: Download sources and javadoc] INFO  o.e.m.c.i.e.AbstractTransferListenerAdapter - Downloading https://repo.maven.apache.org/maven2/org/jetbrains/kotlin/kotlin-stdlib-jdk7/1.5.31/kotlin-stdlib-jdk7-1.5.31-sources.jar
2024-10-22 21:37:00,935 [Worker-17: Download sources and javadoc] INFO  o.e.m.c.i.e.AbstractTransferListenerAdapter - Downloaded https://repo.maven.apache.org/maven2/org/jetbrains/kotlin/kotlin-stdlib-jdk7/1.5.31/kotlin-stdlib-jdk7-1.5.31-sources.jar
2024-10-22 21:37:00,940 [Worker-17: Download sources and javadoc] INFO  o.e.m.j.internal.DownloadSourcesJob - Downloaded sources for org.jetbrains.kotlin:kotlin-stdlib-jdk7:1.5.31
2024-10-22 21:37:01,001 [Worker-17: Download sources and javadoc] INFO  o.e.m.c.i.e.AbstractTransferListenerAdapter - Downloading https://repo.maven.apache.org/maven2/org/jetbrains/kotlin/kotlin-stdlib-common/1.5.31/kotlin-stdlib-common-1.5.31-sources.jar
2024-10-22 21:37:01,090 [Worker-17: Download sources and javadoc] INFO  o.e.m.c.i.e.AbstractTransferListenerAdapter - Downloaded https://repo.maven.apache.org/maven2/org/jetbrains/kotlin/kotlin-stdlib-common/1.5.31/kotlin-stdlib-common-1.5.31-sources.jar
2024-10-22 21:37:01,095 [Worker-17: Download sources and javadoc] INFO  o.e.m.j.internal.DownloadSourcesJob - Downloaded sources for org.jetbrains.kotlin:kotlin-stdlib-common:1.5.31
2024-10-22 21:37:01,152 [Worker-17: Download sources and javadoc] INFO  o.e.m.c.i.e.AbstractTransferListenerAdapter - Downloading https://repo.maven.apache.org/maven2/org/jetbrains/kotlin/kotlin-stdlib/1.6.20/kotlin-stdlib-1.6.20-sources.jar
2024-10-22 21:37:01,227 [Worker-17: Download sources and javadoc] INFO  o.e.m.c.i.e.AbstractTransferListenerAdapter - Downloaded https://repo.maven.apache.org/maven2/org/jetbrains/kotlin/kotlin-stdlib/1.6.20/kotlin-stdlib-1.6.20-sources.jar
2024-10-22 21:37:01,231 [Worker-17: Download sources and javadoc] INFO  o.e.m.j.internal.DownloadSourcesJob - Downloaded sources for org.jetbrains.kotlin:kotlin-stdlib:1.6.20
2024-10-22 21:37:01,341 [Worker-17: Download sources and javadoc] INFO  o.e.m.c.i.e.AbstractTransferListenerAdapter - Downloading https://repo.maven.apache.org/maven2/org/jetbrains/annotations/13.0/annotations-13.0-sources.jar
2024-10-22 21:37:01,605 [Worker-17: Download sources and javadoc] INFO  o.e.m.c.i.e.AbstractTransferListenerAdapter - Downloaded https://repo.maven.apache.org/maven2/org/jetbrains/annotations/13.0/annotations-13.0-sources.jar
2024-10-22 21:37:01,608 [Worker-17: Download sources and javadoc] INFO  o.e.m.j.internal.DownloadSourcesJob - Downloaded sources for org.jetbrains:annotations:13.0
2024-10-22 21:37:29,377 [Worker-18: Building] INFO  o.e.m.c.i.l.LifecycleMappingFactory - Using org.maven.ide.eclipse.wtp.WarLifecycleMapping lifecycle mapping for MavenProject: com.weatherforecasting:WeatherForecasting:0.0.1-SNAPSHOT @ C:\Users\admin\Desktop\WeatherForecasting\WeatherForecasting\pom.xml.
2024-10-22 21:37:29,522 [Worker-18: Building] INFO  o.e.m.c.i.e.AbstractTransferListenerAdapter - Downloading https://repo.maven.apache.org/maven2/com/google/code/gson/gson/2.10.1/gson-2.10.1.pom
2024-10-22 21:37:29,549 [Worker-18: Building] INFO  o.e.m.c.i.e.AbstractTransferListenerAdapter - Downloaded https://repo.maven.apache.org/maven2/com/google/code/gson/gson/2.10.1/gson-2.10.1.pom
2024-10-22 21:37:29,575 [Worker-18: Building] INFO  o.e.m.c.i.e.AbstractTransferListenerAdapter - Downloading https://repo.maven.apache.org/maven2/com/google/code/gson/gson-parent/2.10.1/gson-parent-2.10.1.pom
2024-10-22 21:37:29,600 [Worker-18: Building] INFO  o.e.m.c.i.e.AbstractTransferListenerAdapter - Downloaded https://repo.maven.apache.org/maven2/com/google/code/gson/gson-parent/2.10.1/gson-parent-2.10.1.pom
2024-10-22 21:37:29,635 [Worker-18: Building] INFO  o.e.m.c.i.e.AbstractTransferListenerAdapter - Downloading https://repo.maven.apache.org/maven2/com/google/code/gson/gson/2.10.1/gson-2.10.1.jar
2024-10-22 21:37:29,705 [Worker-18: Building] INFO  o.e.m.c.i.e.AbstractTransferListenerAdapter - Downloaded https://repo.maven.apache.org/maven2/com/google/code/gson/gson/2.10.1/gson-2.10.1.jar
2024-10-22 21:37:30,085 [Worker-18: Building] WARN  o.a.m.s.f.DefaultMavenResourcesFiltering - Using platform encoding (Cp1252 actually) to copy filtered resources, i.e. build is platform dependent!
2024-10-22 21:37:30,087 [Worker-18: Building] INFO  o.a.m.s.f.DefaultMavenResourcesFiltering - Copying 0 resource from src\main\resources to target\classes
2024-10-22 21:37:30,090 [Worker-18: Building] WARN  o.a.m.s.f.DefaultMavenResourcesFiltering - Using platform encoding (Cp1252 actually) to copy filtered resources, i.e. build is platform dependent!
2024-10-22 21:37:30,091 [Worker-18: Building] INFO  o.a.m.s.f.DefaultMavenResourcesFiltering - Copying 0 resource from src\test\resources to target\test-classes
2024-10-22 21:37:30,091 [Worker-18: Building] INFO  o.e.m.w.i.f.ResourceFilteringBuildParticipant - Changed resources require a complete clean of filtered resources of WeatherForecasting
2024-10-22 21:37:30,091 [Worker-18: Building] INFO  o.e.m.w.i.f.ResourceFilteringBuildParticipant - Executing resource filtering for WeatherForecasting
2024-10-22 21:37:31,098 [Worker-17: Download sources and javadoc] INFO  o.e.m.c.i.e.AbstractTransferListenerAdapter - Downloading https://repo.maven.apache.org/maven2/com/google/code/gson/gson/2.10.1/gson-2.10.1-sources.jar
2024-10-22 21:37:31,152 [Worker-17: Download sources and javadoc] INFO  o.e.m.c.i.e.AbstractTransferListenerAdapter - Downloaded https://repo.maven.apache.org/maven2/com/google/code/gson/gson/2.10.1/gson-2.10.1-sources.jar
2024-10-22 21:37:31,156 [Worker-17: Download sources and javadoc] INFO  o.e.m.j.internal.DownloadSourcesJob - Downloaded sources for com.google.code.gson:gson:2.10.1
2024-10-22 21:37:39,713 [Worker-15: Building] WARN  o.a.m.s.f.DefaultMavenResourcesFiltering - Using platform encoding (Cp1252 actually) to copy filtered resources, i.e. build is platform dependent!
2024-10-22 21:37:39,718 [Worker-15: Building] INFO  o.a.m.s.f.DefaultMavenResourcesFiltering - Copying 0 resource from src\main\resources to target\classes
2024-10-22 21:37:39,720 [Worker-15: Building] WARN  o.a.m.s.f.DefaultMavenResourcesFiltering - Using platform encoding (Cp1252 actually) to copy filtered resources, i.e. build is platform dependent!
2024-10-22 21:37:39,722 [Worker-15: Building] INFO  o.a.m.s.f.DefaultMavenResourcesFiltering - Copying 0 resource from src\test\resources to target\test-classes
2024-10-22 21:38:11,643 [Worker-14: Building] WARN  o.a.m.s.f.DefaultMavenResourcesFiltering - Using platform encoding (Cp1252 actually) to copy filtered resources, i.e. build is platform dependent!
2024-10-22 21:38:11,645 [Worker-14: Building] INFO  o.a.m.s.f.DefaultMavenResourcesFiltering - Copying 0 resource from src\main\resources to target\classes
2024-10-22 21:38:11,647 [Worker-14: Building] WARN  o.a.m.s.f.DefaultMavenResourcesFiltering - Using platform encoding (Cp1252 actually) to copy filtered resources, i.e. build is platform dependent!
2024-10-22 21:38:11,649 [Worker-14: Building] INFO  o.a.m.s.f.DefaultMavenResourcesFiltering - Copying 0 resource from src\test\resources to target\test-classes
2024-10-22 21:39:24,527 [Worker-16: Building] WARN  o.a.m.s.f.DefaultMavenResourcesFiltering - Using platform encoding (Cp1252 actually) to copy filtered resources, i.e. build is platform dependent!
2024-10-22 21:39:24,529 [Worker-16: Building] INFO  o.a.m.s.f.DefaultMavenResourcesFiltering - Copying 0 resource from src\main\resources to target\classes
2024-10-22 21:39:24,532 [Worker-16: Building] WARN  o.a.m.s.f.DefaultMavenResourcesFiltering - Using platform encoding (Cp1252 actually) to copy filtered resources, i.e. build is platform dependent!
2024-10-22 21:39:24,534 [Worker-16: Building] INFO  o.a.m.s.f.DefaultMavenResourcesFiltering - Copying 0 resource from src\test\resources to target\test-classes
2024-10-22 21:39:31,973 [Worker-17: Building] WARN  o.a.m.s.f.DefaultMavenResourcesFiltering - Using platform encoding (Cp1252 actually) to copy filtered resources, i.e. build is platform dependent!
2024-10-22 21:39:31,974 [Worker-17: Building] INFO  o.a.m.s.f.DefaultMavenResourcesFiltering - Copying 0 resource from src\main\resources to target\classes
2024-10-22 21:39:31,977 [Worker-17: Building] WARN  o.a.m.s.f.DefaultMavenResourcesFiltering - Using platform encoding (Cp1252 actually) to copy filtered resources, i.e. build is platform dependent!
2024-10-22 21:39:31,979 [Worker-17: Building] INFO  o.a.m.s.f.DefaultMavenResourcesFiltering - Copying 0 resource from src\test\resources to target\test-classes
2024-10-22 21:39:37,491 [Worker-17: Building] WARN  o.a.m.s.f.DefaultMavenResourcesFiltering - Using platform encoding (Cp1252 actually) to copy filtered resources, i.e. build is platform dependent!
2024-10-22 21:39:37,493 [Worker-17: Building] INFO  o.a.m.s.f.DefaultMavenResourcesFiltering - Copying 0 resource from src\main\resources to target\classes
2024-10-22 21:39:37,496 [Worker-17: Building] WARN  o.a.m.s.f.DefaultMavenResourcesFiltering - Using platform encoding (Cp1252 actually) to copy filtered resources, i.e. build is platform dependent!
2024-10-22 21:39:37,497 [Worker-17: Building] INFO  o.a.m.s.f.DefaultMavenResourcesFiltering - Copying 0 resource from src\test\resources to target\test-classes
2024-10-22 21:40:25,572 [Worker-14: Building] WARN  o.a.m.s.f.DefaultMavenResourcesFiltering - Using platform encoding (Cp1252 actually) to copy filtered resources, i.e. build is platform dependent!
2024-10-22 21:40:25,573 [Worker-14: Building] INFO  o.a.m.s.f.DefaultMavenResourcesFiltering - Copying 0 resource from src\main\resources to target\classes
2024-10-22 21:40:25,574 [Worker-14: Building] WARN  o.a.m.s.f.DefaultMavenResourcesFiltering - Using platform encoding (Cp1252 actually) to copy filtered resources, i.e. build is platform dependent!
2024-10-22 21:40:25,575 [Worker-14: Building] INFO  o.a.m.s.f.DefaultMavenResourcesFiltering - Copying 0 resource from src\test\resources to target\test-classes
2024-10-22 21:40:59,480 [Worker-17: Building] WARN  o.a.m.s.f.DefaultMavenResourcesFiltering - Using platform encoding (Cp1252 actually) to copy filtered resources, i.e. build is platform dependent!
2024-10-22 21:40:59,481 [Worker-17: Building] INFO  o.a.m.s.f.DefaultMavenResourcesFiltering - Copying 0 resource from src\main\resources to target\classes
2024-10-22 21:40:59,484 [Worker-17: Building] WARN  o.a.m.s.f.DefaultMavenResourcesFiltering - Using platform encoding (Cp1252 actually) to copy filtered resources, i.e. build is platform dependent!
2024-10-22 21:40:59,485 [Worker-17: Building] INFO  o.a.m.s.f.DefaultMavenResourcesFiltering - Copying 0 resource from src\test\resources to target\test-classes
2024-10-22 21:41:05,462 [Worker-5: Building] WARN  o.a.m.s.f.DefaultMavenResourcesFiltering - Using platform encoding (Cp1252 actually) to copy filtered resources, i.e. build is platform dependent!
2024-10-22 21:41:05,463 [Worker-5: Building] INFO  o.a.m.s.f.DefaultMavenResourcesFiltering - Copying 0 resource from src\main\resources to target\classes
2024-10-22 21:41:05,465 [Worker-5: Building] WARN  o.a.m.s.f.DefaultMavenResourcesFiltering - Using platform encoding (Cp1252 actually) to copy filtered resources, i.e. build is platform dependent!
2024-10-22 21:41:05,466 [Worker-5: Building] INFO  o.a.m.s.f.DefaultMavenResourcesFiltering - Copying 0 resource from src\test\resources to target\test-classes
2024-10-22 21:41:19,920 [Worker-17: Building] WARN  o.a.m.s.f.DefaultMavenResourcesFiltering - Using platform encoding (Cp1252 actually) to copy filtered resources, i.e. build is platform dependent!
2024-10-22 21:41:19,922 [Worker-17: Building] INFO  o.a.m.s.f.DefaultMavenResourcesFiltering - Copying 0 resource from src\main\resources to target\classes
2024-10-22 21:41:19,925 [Worker-17: Building] WARN  o.a.m.s.f.DefaultMavenResourcesFiltering - Using platform encoding (Cp1252 actually) to copy filtered resources, i.e. build is platform dependent!
2024-10-22 21:41:19,927 [Worker-17: Building] INFO  o.a.m.s.f.DefaultMavenResourcesFiltering - Copying 0 resource from src\test\resources to target\test-classes
2024-10-22 21:47:05,394 [Worker-2: Loading available Gradle versions] INFO  o.e.b.c.i.u.g.PublishedGradleVersions - Gradle version information cache is up-to-date. Trying to read.
2024-10-24 11:49:10,338 [Worker-4: Loading available Gradle versions] INFO  o.e.b.c.i.u.g.PublishedGradleVersions - Gradle version information cache is out-of-date. Trying to update.
